Filter: ||
Filter: |01|
Filter: |01|2024
Filter: |02|2024
Filter: |08|2024
Filter: |08|2025
Filter: |10|2025
Filter: |08|2025
Filter: ||
Filter: ||
Filter: ||
Filter: |01|
Filter: |01|2024
Filter: ||
Filter: |02|
Filter: |02|2025
Filter: |08|2025
Filter: ||
Filter: ||
Filter: ||
Filter: ||
Filter: ||
Filter: |01|
Filter: |01|2025
Filter: |04|2025
Filter: |04|2022
Filter: |08|2022
Filter: |08|2025
Filter: ||
Filter: ||
Filter: ||
Filter: ||
Filter: ||
Filter: ||
Filter: ||
Filter: ||
Filter: ||
Filter: ||
Filter: |12|
Filter: |12|2025
Filter: |10|2025
Filter: |08|2025
Filter: sa|08|2025
Filter: sar|08|2025
Filter: |08|2025
Filter: sar|08|2025
Filter: sari|08|2025
Filter: s|08|2025
Filter: |08|2025
Filter: A|08|2025
Filter: Apong|08|2025
Filter: |08|2025
Filter: S|08|2025
Filter: Swis|08|2025
Filter: Swiss|08|2025
Filter: |08|2025
Filter: S|08|2025
Filter: Sari|08|2025
Filter: S|08|2025
Filter: |08|2025
Filter: ||
Filter: ||
Filter: ||
Filter: ||
Filter: ||
Filter: ||
Filter: ||
Filter: ||
Filter: ||
Filter: ||
Filter: ||
Filter: ||
Filter: ||
Filter: ||
Filter: ||
Filter: ||
Filter: ||
Filter: ||
Filter: ||
Filter: ||
Filter: ||
Filter: ||
Filter: ||
Filter: ||
Filter: |01|
Filter: |01|2025
Filter: |08|2025
Filter: 88|08|2025
Filter: |08|2025
Filter: samsa|08|2025
Filter: s|08|2025
Filter: |08|2025
Filter: ||
Filter: ||
Filter: ||
Filter: ||
Filter: ||
Filter: ||
Filter: ||
Filter: ||
Filter: ||
Filter: ||
Filter: ||
Filter: ||
Filter: ||
Filter: ||
Filter: ||
